[debug] [2022-07-14T12:55:48.934Z] ----------------------------------------------------------------------
[debug] [2022-07-14T12:55:48.936Z] Command:       C:\laragon\bin\nodejs\node-v14\node.exe C:\laragon\bin\nodejs\node-v14\node_modules\firebase-tools\lib\bin\firebase.js emulators:start --only functions
[debug] [2022-07-14T12:55:48.936Z] CLI Version:   10.2.1
[debug] [2022-07-14T12:55:48.936Z] Platform:      win32
[debug] [2022-07-14T12:55:48.936Z] Node Version:  v14.16.1
[debug] [2022-07-14T12:55:48.937Z] Time:          Thu Jul 14 2022 12:55:48 GMT+0000 (heure moyenne de Greenwich)
[debug] [2022-07-14T12:55:48.937Z] ----------------------------------------------------------------------
[debug] 
[debug] [2022-07-14T12:55:48.994Z] Object ".hosting.rewrites[0]" in "firebase.json" has unknown property: {"additionalProperty":"source"}
[debug] [2022-07-14T12:55:48.994Z] Object ".hosting.rewrites[0]" in "firebase.json" has unknown property: {"additionalProperty":"source"}
[debug] [2022-07-14T12:55:48.994Z] Object ".hosting.rewrites[0]" in "firebase.json" has unknown property: {"additionalProperty":"source"}
[debug] [2022-07-14T12:55:48.994Z] Object ".hosting.rewrites[0]" in "firebase.json" has unknown property: {"additionalProperty":"source"}
[debug] [2022-07-14T12:55:48.994Z] Object ".hosting.rewrites[0]" in "firebase.json" has unknown property: {"additionalProperty":"function"}
[debug] [2022-07-14T12:55:48.994Z] Object ".hosting.rewrites[0]" in "firebase.json" has unknown property: {"additionalProperty":"destination"}
[debug] [2022-07-14T12:55:48.995Z] Object ".hosting.rewrites[0]" in "firebase.json" has unknown property: {"additionalProperty":"destination"}
[debug] [2022-07-14T12:55:48.995Z] Object ".hosting.rewrites[0]" in "firebase.json" has unknown property: {"additionalProperty":"destination"}
[debug] [2022-07-14T12:55:48.995Z] Object ".hosting.rewrites[0]" in "firebase.json" has unknown property: {"additionalProperty":"source"}
[debug] [2022-07-14T12:55:48.995Z] Object ".hosting.rewrites[0]" in "firebase.json" has unknown property: {"additionalProperty":"source"}
[debug] [2022-07-14T12:55:48.995Z] Object ".hosting.rewrites[0]" in "firebase.json" has unknown property: {"additionalProperty":"source"}
[debug] [2022-07-14T12:55:48.995Z] Object ".hosting.rewrites[0]" in "firebase.json" has unknown property: {"additionalProperty":"source"}
[debug] [2022-07-14T12:55:48.995Z] Field ".hosting.rewrites[0]" in "firebase.json" is possibly invalid: should match some schema in anyOf
[debug] [2022-07-14T12:55:48.995Z] Field ".hosting" in "firebase.json" is possibly invalid: should be array
[debug] [2022-07-14T12:55:48.995Z] Field ".hosting" in "firebase.json" is possibly invalid: should match some schema in anyOf
[debug] [2022-07-14T12:55:49.000Z] > command requires scopes: ["email","openid","https://www.googleapis.com/auth/cloudplatformprojects.readonly","https://www.googleapis.com/auth/firebase","https://www.googleapis.com/auth/cloud-platform"]
[debug] [2022-07-14T12:55:49.000Z] > authorizing via signed-in user (dev.helium.tech@gmail.com)
[info] i  emulators: Starting emulators: functions {"metadata":{"emulator":{"name":"hub"},"message":"Starting emulators: functions"}}
[debug] [2022-07-14T12:55:49.036Z] [hub] writing locator at C:\Users\CHARLE~1\AppData\Local\Temp\hub-awari-3fc51.json
[warn] !  functions: The following emulators are not running, calls to these services from the Functions emulator will affect production: auth, firestore, database, hosting, pubsub, storage {"metadata":{"emulator":{"name":"functions"},"message":"The following emulators are not running, calls to these services from the Functions emulator will affect production: \u001b[1mauth, firestore, database, hosting, pubsub, storage\u001b[22m"}}
[warn] !  Your requested "node" version "16" doesn't match your global version "14". Using node@14 from host. {"metadata":{"emulator":{"name":"functions"},"message":"Your requested \"node\" version \"16\" doesn't match your global version \"14\". Using node@14 from host."}}
[debug] [2022-07-14T12:55:49.052Z] defaultcredentials: writing to file C:\Users\CharlesDZADU\AppData\Roaming\firebase\dev_helium.tech_gmail.com_application_default_credentials.json
[debug] [2022-07-14T12:55:49.053Z] Setting GAC to C:\Users\CharlesDZADU\AppData\Roaming\firebase\dev_helium.tech_gmail.com_application_default_credentials.json {"metadata":{"emulator":{"name":"functions"},"message":"Setting GAC to C:\\Users\\CharlesDZADU\\AppData\\Roaming\\firebase\\dev_helium.tech_gmail.com_application_default_credentials.json"}}
[debug] [2022-07-14T12:55:49.056Z] >>> [apiv2][query] GET https://firebase.googleapis.com/v1beta1/projects/awari-3fc51/adminSdkConfig [none]
[debug] [2022-07-14T12:55:50.142Z] <<< [apiv2][status] GET https://firebase.googleapis.com/v1beta1/projects/awari-3fc51/adminSdkConfig 200
[debug] [2022-07-14T12:55:50.142Z] <<< [apiv2][body] GET https://firebase.googleapis.com/v1beta1/projects/awari-3fc51/adminSdkConfig {"projectId":"awari-3fc51","storageBucket":"awari-3fc51.appspot.com","locationId":"europe-west"}
[debug] [2022-07-14T12:55:50.157Z] Ignoring unsupported arg: auto_download {"metadata":{"emulator":{"name":"ui"},"message":"Ignoring unsupported arg: auto_download"}}
[debug] [2022-07-14T12:55:50.157Z] Ignoring unsupported arg: port {"metadata":{"emulator":{"name":"ui"},"message":"Ignoring unsupported arg: port"}}
[debug] [2022-07-14T12:55:50.157Z] Starting Emulator UI with command {"binary":"node","args":["C:\\Users\\CharlesDZADU\\.cache\\firebase\\emulators\\ui-v1.6.5\\server.bundle.js"],"optionalArgs":[],"joinArgs":false} {"metadata":{"emulator":{"name":"ui"},"message":"Starting Emulator UI with command {\"binary\":\"node\",\"args\":[\"C:\\\\Users\\\\CharlesDZADU\\\\.cache\\\\firebase\\\\emulators\\\\ui-v1.6.5\\\\server.bundle.js\"],\"optionalArgs\":[],\"joinArgs\":false}"}}
[info] i  ui: Emulator UI logging to ui-debug.log {"metadata":{"emulator":{"name":"ui"},"message":"Emulator UI logging to \u001b[1mui-debug.log\u001b[22m"}}
[debug] [2022-07-14T12:55:50.272Z] Web / API server started at localhost:4000
 {"metadata":{"emulator":{"name":"ui"},"message":"Web / API server started at localhost:4000\n"}}
[info] i  functions: Watching "D:\PROJECTS\EN COURS\AWARI\API\awari_api\functions" for Cloud Functions... {"metadata":{"emulator":{"name":"functions"},"message":"Watching \"D:\\PROJECTS\\EN COURS\\AWARI\\API\\awari_api\\functions\" for Cloud Functions..."}}
[debug] [2022-07-14T12:55:50.432Z] Validating nodejs source
[debug] [2022-07-14T12:55:53.526Z] > [functions] package.json contents: {
  "name": "functions",
  "description": "Cloud Functions for Firebase",
  "scripts": {
    "serve": "firebase emulators:start --only functions",
    "shell": "firebase functions:shell",
    "start": "nodemon  ./index.js",
    "deploy": "firebase deploy --only functions",
    "logs": "firebase functions:log"
  },
  "engines": {
    "node": "16"
  },
  "main": "index.js",
  "dependencies": {
    "cors": "^2.8.5",
    "express": "^4.18.1",
    "firebase-admin": "^9.8.0",
    "firebase-functions": "^3.14.1",
    "mongoose": "^6.4.4"
  },
  "devDependencies": {
    "firebase-functions-test": "^0.2.0",
    "nodemon": "^2.0.19"
  },
  "private": true
}
[debug] [2022-07-14T12:55:53.526Z] Building nodejs source
[debug] [2022-07-14T12:55:53.527Z] Analyzing nodejs backend spec
[info] +  functions[us-central1-api]: http function initialized (http://localhost:5001/awari-3fc51/us-central1/api). {"metadata":{"emulator":{"name":"functions"},"message":"\u001b[1mhttp\u001b[22m function initialized (http://localhost:5001/awari-3fc51/us-central1/api)."}}
[info] 
┌─────────────────────────────────────────────────────────────┐
│ ✔  All emulators ready! It is now safe to connect your app. │
│ i  View Emulator UI at http://localhost:4000                │
└─────────────────────────────────────────────────────────────┘

┌───────────┬────────────────┬─────────────────────────────────┐
│ Emulator  │ Host:Port      │ View in Emulator UI             │
├───────────┼────────────────┼─────────────────────────────────┤
│ Functions │ localhost:5001 │ http://localhost:4000/functions │
└───────────┴────────────────┴─────────────────────────────────┘
  Emulator Hub running at localhost:4400
  Other reserved ports: 4500

Issues? Report them at https://github.com/firebase/firebase-tools/issues and attach the *-debug.log files.
 
[debug] [2022-07-14T12:57:54.536Z] File D:\PROJECTS\EN COURS\AWARI\API\awari_api\functions\index.js changed, reloading triggers {"metadata":{"emulator":{"name":"functions"},"message":"File D:\\PROJECTS\\EN COURS\\AWARI\\API\\awari_api\\functions\\index.js changed, reloading triggers"}}
[debug] [2022-07-14T12:57:55.544Z] Validating nodejs source
[debug] [2022-07-14T12:57:58.716Z] > [functions] package.json contents: {
  "name": "functions",
  "description": "Cloud Functions for Firebase",
  "scripts": {
    "serve": "firebase emulators:start --only functions",
    "shell": "firebase functions:shell",
    "start": "nodemon  ./index.js",
    "deploy": "firebase deploy --only functions",
    "logs": "firebase functions:log"
  },
  "engines": {
    "node": "16"
  },
  "main": "index.js",
  "dependencies": {
    "cors": "^2.8.5",
    "express": "^4.18.1",
    "firebase-admin": "^9.8.0",
    "firebase-functions": "^3.14.1",
    "mongoose": "^6.4.4"
  },
  "devDependencies": {
    "firebase-functions-test": "^0.2.0",
    "nodemon": "^2.0.19"
  },
  "private": true
}
[debug] [2022-07-14T12:57:58.716Z] Building nodejs source
[debug] [2022-07-14T12:57:58.716Z] Analyzing nodejs backend spec
[debug] [2022-07-14T12:58:07.038Z] File D:\PROJECTS\EN COURS\AWARI\API\awari_api\functions\index.js changed, reloading triggers {"metadata":{"emulator":{"name":"functions"},"message":"File D:\\PROJECTS\\EN COURS\\AWARI\\API\\awari_api\\functions\\index.js changed, reloading triggers"}}
[debug] [2022-07-14T12:58:08.049Z] Validating nodejs source
[debug] [2022-07-14T12:58:11.310Z] > [functions] package.json contents: {
  "name": "functions",
  "description": "Cloud Functions for Firebase",
  "scripts": {
    "serve": "firebase emulators:start --only functions",
    "shell": "firebase functions:shell",
    "start": "nodemon  ./index.js",
    "deploy": "firebase deploy --only functions",
    "logs": "firebase functions:log"
  },
  "engines": {
    "node": "16"
  },
  "main": "index.js",
  "dependencies": {
    "cors": "^2.8.5",
    "express": "^4.18.1",
    "firebase-admin": "^9.8.0",
    "firebase-functions": "^3.14.1",
    "mongoose": "^6.4.4"
  },
  "devDependencies": {
    "firebase-functions-test": "^0.2.0",
    "nodemon": "^2.0.19"
  },
  "private": true
}
[debug] [2022-07-14T12:58:11.310Z] Building nodejs source
[debug] [2022-07-14T12:58:11.310Z] Analyzing nodejs backend spec
[debug] [2022-07-14T12:58:31.428Z] File D:\PROJECTS\EN COURS\AWARI\API\awari_api\functions\index.js changed, reloading triggers {"metadata":{"emulator":{"name":"functions"},"message":"File D:\\PROJECTS\\EN COURS\\AWARI\\API\\awari_api\\functions\\index.js changed, reloading triggers"}}
